<?xml version="1.0" encoding="UTF-8"?>
<!-- Generated by org.testng.reporters.JUnitXMLReporter -->
<testsuite hostname="DESKTOP-V2CRMJS" name="Command line test" tests="7" failures="0" timestamp="23 Mar 2019 04:16:35 GMT" time="371.16" errors="0">
  <testcase name="testCostco8" time="46.309" classname="test.com.CostcoTest"/>
  <testcase name="testCostcoTest2" time="22.42" classname="test.com.CostcoTest"/>
  <testcase name="testCostcoTest3" time="21.244" classname="test.com.CostcoTest"/>
  <testcase name="testCostcoTest4" time="71.367" classname="test.com.CostcoTest"/>
  <testcase name="testCostcoTest5" time="52.114" classname="test.com.CostcoTest"/>
  <testcase name="testCostcoTest6" time="14.718" classname="test.com.CostcoTest"/>
  <testcase name="testCostcoTest9" time="114.043" classname="test.com.CostcoTest"/>
</testsuite> <!-- Command line test -->
